2025-12-06 18:29:10.312 [com.example.ExampleHondaSupplyChain.main()] INFO  com.example.JavaSense - Added fact: com.example.Fact@b5fd6b6
2025-12-06 18:29:10.329 [com.example.ExampleHondaSupplyChain.main()] INFO  com.example.JavaSense - Added fact: com.example.Fact@70dc978c
2025-12-06 18:29:10.345 [com.example.ExampleHondaSupplyChain.main()] INFO  com.example.JavaSense - Added rule: Rule{name='direct_impact', raw='cantDeliver(x) <-1 disrupted(x)', delay=1, headInterval=[0,0], activeIntervals=[]}
2025-12-06 18:29:10.362 [com.example.ExampleHondaSupplyChain.main()] INFO  com.example.JavaSense - Added rule: Rule{name='upstream_risk', raw='atRisk(y) <-1 cantDeliver(x), COGS(x,y)', delay=1, headInterval=[0,0], activeIntervals=[]}
2025-12-06 18:29:10.392 [com.example.ExampleHondaSupplyChain.main()] INFO  com.example.JavaSense - Added rule: Rule{name='cascading_disruption', raw='disrupted(y) <-2 atRisk(y), atRisk(y)', delay=2, headInterval=[0,0], activeIntervals=[]}
2025-12-06 18:29:10.392 [com.example.ExampleHondaSupplyChain.main()] INFO  com.example.JavaSense - Added rule: Rule{name='critical_relationship_risk', raw='criticalRisk(y) <-1 cantDeliver(x), COGS(x,y), highValue(x,y)', delay=1, headInterval=[0,0], activeIntervals=[]}
2025-12-06 18:29:10.392 [com.example.ExampleHondaSupplyChain.main()] INFO  com.example.JavaSense - Added rule: Rule{name='capacity_impact', raw='capacityRisk(y) <-1 disrupted(x), CAPEX(x,y)', delay=1, headInterval=[0,0], activeIntervals=[]}
2025-12-06 18:29:10.392 [com.example.ExampleHondaSupplyChain.main()] INFO  com.example.JavaSense - === JavaSense reasoning started ===
2025-12-06 18:29:10.392 [com.example.ExampleHondaSupplyChain.main()] INFO  com.example.JavaSense - Timesteps: 20
2025-12-06 18:29:10.392 [com.example.ExampleHondaSupplyChain.main()] INFO  com.example.JavaSense - Rules: 5
2025-12-06 18:29:10.399 [com.example.ExampleHondaSupplyChain.main()] INFO  com.example.JavaSense - Facts: 2
2025-12-06 18:29:25.114 [com.example.ExampleHondaSupplyChain.main()] INFO  com.example.JavaSense - === JavaSense reasoning completed ===
2025-12-06 18:39:32.141 [com.example.ExampleHondaSupplyChainFixed.main()] INFO  com.example.JavaSense - === JavaSense reasoning started ===
2025-12-06 18:39:32.146 [com.example.ExampleHondaSupplyChainFixed.main()] INFO  com.example.JavaSense - Timesteps: 0
2025-12-06 18:39:32.151 [com.example.ExampleHondaSupplyChainFixed.main()] INFO  com.example.JavaSense - Rules: 0
2025-12-06 18:39:32.151 [com.example.ExampleHondaSupplyChainFixed.main()] INFO  com.example.JavaSense - Facts: 0
2025-12-06 18:39:32.439 [com.example.ExampleHondaSupplyChainFixed.main()] INFO  com.example.JavaSense - === JavaSense reasoning completed ===
2025-12-06 18:39:32.578 [com.example.ExampleHondaSupplyChainFixed.main()] INFO  com.example.JavaSense - Added fact: com.example.Fact@3ed17d6
2025-12-06 18:39:32.579 [com.example.ExampleHondaSupplyChainFixed.main()] INFO  com.example.JavaSense - Added fact: com.example.Fact@1dbb418d
2025-12-06 18:39:32.595 [com.example.ExampleHondaSupplyChainFixed.main()] INFO  com.example.JavaSense - Added rule: Rule{name='direct_impact', raw='cantDeliver(x) <-1 disrupted(x)', delay=1, headInterval=[0,0], activeIntervals=[]}
2025-12-06 18:39:32.603 [com.example.ExampleHondaSupplyChainFixed.main()] INFO  com.example.JavaSense - Added rule: Rule{name='identify_supply', raw='hasSupplyRelation(x,y) <-1 type(x,y)', delay=1, headInterval=[0,0], activeIntervals=[]}
2025-12-06 18:39:32.605 [com.example.ExampleHondaSupplyChainFixed.main()] INFO  com.example.JavaSense - Added rule: Rule{name='identify_connection', raw='connected(x,y) <-1 cost(x,y)', delay=1, headInterval=[0,0], activeIntervals=[]}
2025-12-06 18:39:32.609 [com.example.ExampleHondaSupplyChainFixed.main()] INFO  com.example.JavaSense - Added rule: Rule{name='upstream_risk_via_type', raw='atRisk(y) <-1 cantDeliver(x), type(x,y)', delay=1, headInterval=[0,0], activeIntervals=[]}
2025-12-06 18:39:32.610 [com.example.ExampleHondaSupplyChainFixed.main()] INFO  com.example.JavaSense - Added rule: Rule{name='upstream_risk_via_cost', raw='atRisk(y) <-1 cantDeliver(x), cost(x,y)', delay=1, headInterval=[0,0], activeIntervals=[]}
2025-12-06 18:39:32.612 [com.example.ExampleHondaSupplyChainFixed.main()] INFO  com.example.JavaSense - Added rule: Rule{name='mark_dependency', raw='hasDependency(y) <-1 atRisk(y)', delay=1, headInterval=[0,0], activeIntervals=[]}
2025-12-06 18:39:32.613 [com.example.ExampleHondaSupplyChainFixed.main()] INFO  com.example.JavaSense - === JavaSense reasoning started ===
2025-12-06 18:39:32.614 [com.example.ExampleHondaSupplyChainFixed.main()] INFO  com.example.JavaSense - Timesteps: 5
2025-12-06 18:39:32.615 [com.example.ExampleHondaSupplyChainFixed.main()] INFO  com.example.JavaSense - Rules: 6
2025-12-06 18:39:32.615 [com.example.ExampleHondaSupplyChainFixed.main()] INFO  com.example.JavaSense - Facts: 2
2025-12-06 18:41:08.033 [com.example.ExampleHondaSupplyChainFixed.main()] INFO  com.example.JavaSense - === JavaSense reasoning completed ===
2025-12-06 20:28:50.919 [com.example.ExampleHondaFastAnalysis.main()] INFO  com.example.JavaSense - Added fact: com.example.Fact@24eba37a
2025-12-06 20:28:50.925 [com.example.ExampleHondaFastAnalysis.main()] INFO  com.example.JavaSense - Added fact: com.example.Fact@7201b99
2025-12-06 20:28:50.929 [com.example.ExampleHondaFastAnalysis.main()] INFO  com.example.JavaSense - Added rule: Rule{name='direct_impact', raw='cantDeliver(x) <-1 disrupted(x)', delay=1, headInterval=[0,0], activeIntervals=[]}
2025-12-06 20:28:50.933 [com.example.ExampleHondaFastAnalysis.main()] INFO  com.example.JavaSense - Added rule: Rule{name='risk_via_type', raw='atRisk(y) <-1 cantDeliver(x), type(x,y)', delay=1, headInterval=[0,0], activeIntervals=[]}
2025-12-06 20:28:50.933 [com.example.ExampleHondaFastAnalysis.main()] INFO  com.example.JavaSense - Added rule: Rule{name='risk_via_cost', raw='atRisk(y) <-1 cantDeliver(x), cost(x,y)', delay=1, headInterval=[0,0], activeIntervals=[]}
2025-12-06 20:28:50.934 [com.example.ExampleHondaFastAnalysis.main()] INFO  com.example.JavaSense - Added rule: Rule{name='risk_via_value', raw='atRisk(y) <-1 cantDeliver(x), value(x,y)', delay=1, headInterval=[0,0], activeIntervals=[]}
2025-12-06 20:28:50.935 [com.example.ExampleHondaFastAnalysis.main()] INFO  com.example.JavaSense - === JavaSense reasoning started ===
2025-12-06 20:28:50.935 [com.example.ExampleHondaFastAnalysis.main()] INFO  com.example.JavaSense - Timesteps: 5
2025-12-06 20:28:50.935 [com.example.ExampleHondaFastAnalysis.main()] INFO  com.example.JavaSense - Rules: 4
2025-12-06 20:28:50.935 [com.example.ExampleHondaFastAnalysis.main()] INFO  com.example.JavaSense - Facts: 2
2025-12-06 20:28:59.054 [com.example.ExampleHondaFastAnalysis.main()] INFO  com.example.JavaSense - === JavaSense reasoning completed ===
2025-12-07 08:25:15.995 [com.example.ExampleHondaOptimized.main()] INFO  com.example.JavaSense - Added fact: com.example.Fact@49c5bb61
2025-12-07 08:25:16.000 [com.example.ExampleHondaOptimized.main()] INFO  com.example.JavaSense - Added fact: com.example.Fact@70225034
2025-12-07 08:25:16.007 [com.example.ExampleHondaOptimized.main()] INFO  com.example.JavaSense - Added rule: Rule{name='direct_impact', raw='cantDeliver(x) <-1 disrupted(x)', delay=1, headInterval=[0,0], activeIntervals=[]}
2025-12-07 08:25:16.012 [com.example.ExampleHondaOptimized.main()] INFO  com.example.JavaSense - Added rule: Rule{name='risk_via_type', raw='atRisk(y) <-1 cantDeliver(x), type(x,y)', delay=1, headInterval=[0,0], activeIntervals=[]}
2025-12-07 08:25:16.013 [com.example.ExampleHondaOptimized.main()] INFO  com.example.JavaSense - Added rule: Rule{name='risk_via_cost', raw='atRisk(y) <-1 cantDeliver(x), cost(x,y)', delay=1, headInterval=[0,0], activeIntervals=[]}
2025-12-07 08:25:16.015 [com.example.ExampleHondaOptimized.main()] INFO  com.example.JavaSense - Added rule: Rule{name='risk_via_value', raw='atRisk(y) <-1 cantDeliver(x), value(x,y)', delay=1, headInterval=[0,0], activeIntervals=[]}
2025-12-07 08:25:16.017 [com.example.ExampleHondaOptimized.main()] INFO  com.example.JavaSense - === JavaSense reasoning started ===
2025-12-07 08:25:16.017 [com.example.ExampleHondaOptimized.main()] INFO  com.example.JavaSense - Timesteps: 5
2025-12-07 08:25:16.017 [com.example.ExampleHondaOptimized.main()] INFO  com.example.JavaSense - Rules: 4
2025-12-07 08:25:16.018 [com.example.ExampleHondaOptimized.main()] INFO  com.example.JavaSense - Facts: 2
2025-12-07 08:25:21.522 [com.example.ExampleHondaOptimized.main()] INFO  com.example.JavaSense - === JavaSense reasoning completed ===
2025-12-07 08:33:12.156 [com.example.ExampleHondaOptimized.main()] INFO  com.example.JavaSense - Added fact: com.example.Fact@4ba84f50
2025-12-07 08:33:12.162 [com.example.ExampleHondaOptimized.main()] INFO  com.example.JavaSense - Added fact: com.example.Fact@425a9287
2025-12-07 08:33:12.170 [com.example.ExampleHondaOptimized.main()] INFO  com.example.JavaSense - Added rule: Rule{name='direct_impact', raw='cantDeliver(x) <-1 disrupted(x)', delay=1, headInterval=[0,0], activeIntervals=[]}
2025-12-07 08:33:12.174 [com.example.ExampleHondaOptimized.main()] INFO  com.example.JavaSense - Added rule: Rule{name='risk_via_type', raw='atRisk(y) <-1 cantDeliver(x), type(x,y)', delay=1, headInterval=[0,0], activeIntervals=[]}
2025-12-07 08:33:12.175 [com.example.ExampleHondaOptimized.main()] INFO  com.example.JavaSense - Added rule: Rule{name='risk_via_cost', raw='atRisk(y) <-1 cantDeliver(x), cost(x,y)', delay=1, headInterval=[0,0], activeIntervals=[]}
2025-12-07 08:33:12.176 [com.example.ExampleHondaOptimized.main()] INFO  com.example.JavaSense - Added rule: Rule{name='risk_via_value', raw='atRisk(y) <-1 cantDeliver(x), value(x,y)', delay=1, headInterval=[0,0], activeIntervals=[]}
2025-12-07 08:33:12.177 [com.example.ExampleHondaOptimized.main()] INFO  com.example.JavaSense - === JavaSense reasoning started ===
2025-12-07 08:33:12.178 [com.example.ExampleHondaOptimized.main()] INFO  com.example.JavaSense - Timesteps: 5
2025-12-07 08:33:12.178 [com.example.ExampleHondaOptimized.main()] INFO  com.example.JavaSense - Rules: 4
2025-12-07 08:33:12.178 [com.example.ExampleHondaOptimized.main()] INFO  com.example.JavaSense - Facts: 2
2025-12-07 08:33:17.511 [com.example.ExampleHondaOptimized.main()] INFO  com.example.JavaSense - === JavaSense reasoning completed ===
2025-12-07 08:38:05.361 [com.example.ExampleHondaOptimized.main()] INFO  com.example.JavaSense - Added fact: com.example.Fact@49c5bb61
2025-12-07 08:38:05.367 [com.example.ExampleHondaOptimized.main()] INFO  com.example.JavaSense - Added fact: com.example.Fact@70225034
2025-12-07 08:38:05.372 [com.example.ExampleHondaOptimized.main()] INFO  com.example.JavaSense - Added rule: Rule{name='direct_impact', raw='cantDeliver(x) <-1 disrupted(x)', delay=1, headInterval=[0,0], activeIntervals=[]}
2025-12-07 08:38:05.374 [com.example.ExampleHondaOptimized.main()] INFO  com.example.JavaSense - Added rule: Rule{name='risk_via_type', raw='atRisk(y) <-1 cantDeliver(x), type(x,y)', delay=1, headInterval=[0,0], activeIntervals=[]}
2025-12-07 08:38:05.375 [com.example.ExampleHondaOptimized.main()] INFO  com.example.JavaSense - Added rule: Rule{name='risk_via_cost', raw='atRisk(y) <-1 cantDeliver(x), cost(x,y)', delay=1, headInterval=[0,0], activeIntervals=[]}
2025-12-07 08:38:05.376 [com.example.ExampleHondaOptimized.main()] INFO  com.example.JavaSense - Added rule: Rule{name='risk_via_value', raw='atRisk(y) <-1 cantDeliver(x), value(x,y)', delay=1, headInterval=[0,0], activeIntervals=[]}
2025-12-07 08:38:05.377 [com.example.ExampleHondaOptimized.main()] INFO  com.example.JavaSense - === JavaSense reasoning started ===
2025-12-07 08:38:05.377 [com.example.ExampleHondaOptimized.main()] INFO  com.example.JavaSense - Timesteps: 5
2025-12-07 08:38:05.378 [com.example.ExampleHondaOptimized.main()] INFO  com.example.JavaSense - Rules: 4
2025-12-07 08:38:05.378 [com.example.ExampleHondaOptimized.main()] INFO  com.example.JavaSense - Facts: 2
2025-12-07 08:38:10.764 [com.example.ExampleHondaOptimized.main()] INFO  com.example.JavaSense - === JavaSense reasoning completed ===
2025-12-09 17:40:42.485 [com.example.ExampleNewFeatures.main()] INFO  com.example.StreamingReasoner - StreamingReasoner initialized with maxTimesteps=100
2025-12-09 17:40:42.550 [com.example.ExampleNewFeatures.main()] INFO  com.example.StreamingReasoner - StreamingReasoner initialized with maxTimesteps=100
2025-12-09 17:40:42.553 [com.example.ExampleNewFeatures.main()] INFO  c.example.integration.KafkaReasoner - KafkaReasoner created for topics: [transactions]
2025-12-09 17:40:42.580 [com.example.ExampleNewFeatures.main()] INFO  c.example.integration.KafkaReasoner - Starting Kafka consumer for topics: [transactions]
2025-12-09 17:40:42.583 [com.example.ExampleNewFeatures.main()] INFO  c.example.integration.KafkaReasoner - Kafka consumer started
2025-12-09 17:40:42.785 [com.example.ExampleNewFeatures.main()] INFO  c.example.integration.KafkaReasoner - Kafka consumer stopped
2025-12-09 17:40:42.793 [com.example.ExampleNewFeatures.main()] INFO  com.example.RuleValidator - Starting rule validation for 7 rules
2025-12-09 17:40:42.802 [com.example.ExampleNewFeatures.main()] INFO  com.example.RuleValidator - Validation complete: 3 errors, 11 warnings
2025-12-09 18:48:55.063 [main] ERROR com.example.ConstraintValidator - Hard constraint violated: unique_loc at t=3
2025-12-09 18:48:55.068 [main] ERROR com.example.ConstraintValidator - Hard constraint violated: unique_loc at t=4
2025-12-09 18:48:55.069 [main] ERROR com.example.ConstraintValidator - Hard constraint violated: unique_loc at t=5
2025-12-09 18:48:55.093 [main] INFO  com.example.IncrementalReasoner - Initial reasoning completed with 1 facts
2025-12-09 18:48:55.094 [main] INFO  com.example.IncrementalReasoner - Starting incremental reasoning with 1 new facts
2025-12-09 18:48:55.095 [main] INFO  com.example.IncrementalReasoner - Incremental reasoning completed in 2 iterations, 11 timesteps affected
2025-12-09 18:48:55.114 [main] INFO  com.example.IncrementalReasoner - Initial reasoning completed with 1 facts
2025-12-09 18:48:55.114 [main] INFO  com.example.IncrementalReasoner - Starting incremental reasoning with 1 new facts
2025-12-09 18:48:55.116 [main] INFO  com.example.IncrementalReasoner - Incremental reasoning completed in 2 iterations, 11 timesteps affected
2025-12-09 18:48:55.211 [main] INFO  com.example.JavaSense - Added fact: com.example.Fact@1787f2a0
2025-12-09 18:48:55.212 [main] INFO  com.example.JavaSense - Added rule: Rule{name='rule1', raw='derived(x) <- base(x)', delay=1, headInterval=[0,0], activeIntervals=[]}
2025-12-09 18:48:55.217 [main] INFO  com.example.JavaSense - === JavaSense reasoning started ===
2025-12-09 18:48:55.217 [main] INFO  com.example.JavaSense - Timesteps: 2
2025-12-09 18:48:55.217 [main] INFO  com.example.JavaSense - Rules: 1
2025-12-09 18:48:55.217 [main] INFO  com.example.JavaSense - Facts: 1
2025-12-09 18:48:55.218 [main] INFO  com.example.JavaSense - === JavaSense reasoning completed ===
2025-12-09 18:49:24.877 [com.example.ExampleProbabilistic.main()] INFO  com.example.ProbabilisticReasoner - Set minimum probability threshold to 0.5
2025-12-09 18:49:24.888 [com.example.ExampleProbabilistic.main()] INFO  com.example.ProbabilisticReasoner - Starting probabilistic reasoning for 10 timesteps
2025-12-09 18:49:24.897 [com.example.ExampleProbabilistic.main()] INFO  com.example.ProbabilisticReasoner - Probabilistic reasoning complete. 77 facts above threshold 0.5
2025-12-09 18:52:29.485 [com.example.ExampleContinuousTime.main()] INFO  com.example.ContinuousTimeReasoner - Reasoning over time range: [2025-01-15 00:00:00, 2025-01-15 08:00:00]
2025-12-09 18:52:29.501 [com.example.ExampleContinuousTime.main()] INFO  com.example.ContinuousTimeReasoner - Reasoning complete. 100 sample points processed
2025-12-09 18:53:33.355 [com.example.ExampleOptimization.main()] INFO  com.example.OptimizationReasoner - Set custom objective function: MINIMIZE
2025-12-09 18:53:33.361 [com.example.ExampleOptimization.main()] INFO  com.example.OptimizationReasoner - Starting optimization reasoning for 10 timesteps
2025-12-09 18:53:33.365 [com.example.ExampleOptimization.main()] INFO  com.example.OptimizationReasoner - Generated 22 candidate solutions
2025-12-09 18:53:33.367 [com.example.ExampleOptimization.main()] INFO  com.example.OptimizationReasoner - 22 feasible solutions after hard constraint filtering
2025-12-09 18:53:33.386 [com.example.ExampleOptimization.main()] INFO  com.example.OptimizationReasoner - Optimization complete. Best score: 0.0
2025-12-09 18:54:20.347 [com.example.ExampleV12Combined.main()] INFO  com.example.ProbabilisticReasoner - Starting probabilistic reasoning for 10 timesteps
2025-12-09 18:54:20.357 [com.example.ExampleV12Combined.main()] INFO  com.example.ProbabilisticReasoner - Probabilistic reasoning complete. 22 facts above threshold 0.0
2025-12-09 18:54:20.378 [com.example.ExampleV12Combined.main()] INFO  com.example.OptimizationReasoner - Set custom objective function: MINIMIZE
2025-12-09 18:54:20.379 [com.example.ExampleV12Combined.main()] INFO  com.example.OptimizationReasoner - Starting optimization reasoning for 10 timesteps
2025-12-09 18:54:20.381 [com.example.ExampleV12Combined.main()] INFO  com.example.OptimizationReasoner - Generated 22 candidate solutions
2025-12-09 18:54:20.383 [com.example.ExampleV12Combined.main()] INFO  com.example.OptimizationReasoner - 22 feasible solutions after hard constraint filtering
2025-12-09 18:54:20.395 [com.example.ExampleV12Combined.main()] INFO  com.example.OptimizationReasoner - Optimization complete. Best score: 0.0
